
*** Running vivado
    with args -log mult_multiply_0_0.vds -m64 -product Vivado -mode batch -messageDb vivado.pb -notrace -source mult_multiply_0_0.tcl


****** Vivado v2018.3 (64-bit)
  **** SW Build 2405991 on Thu Dec  6 23:38:27 MST 2018
  **** IP Build 2404404 on Fri Dec  7 01:43:56 MST 2018
    ** Copyright 1986-2018 Xilinx, Inc. All Rights Reserved.

source mult_multiply_0_0.tcl -notrace
INFO: [IP_Flow 19-234] Refreshing IP repositories
INFO: [IP_Flow 19-1700] Loaded user IP repository 'i:/4730/project3/ip_repo/multiply_1.0'.
INFO: [IP_Flow 19-2313] Loaded Vivado IP repository 'C:/Xilinx/Vivado/2018.3/data/ip'.
Command: synth_design -top mult_multiply_0_0 -part xc7z010clg400-1 -mode out_of_context
Starting synth_design
Attempting to get a license for feature 'Synthesis' and/or device 'xc7z010'
INFO: [Common 17-349] Got license for feature 'Synthesis' and/or device 'xc7z010'
INFO: Launching helper process for spawning children vivado processes
INFO: Helper process launched with PID 3724 
---------------------------------------------------------------------------------
Starting RTL Elaboration : Time (s): cpu = 00:00:02 ; elapsed = 00:00:02 . Memory (MB): peak = 396.016 ; gain = 100.094
---------------------------------------------------------------------------------
INFO: [Synth 8-6157] synthesizing module 'mult_multiply_0_0' [i:/4730/project3/v1/v1.srcs/sources_1/bd/mult/ip/mult_multiply_0_0/synth/mult_multiply_0_0.v:57]
INFO: [Synth 8-6157] synthesizing module 'multiply_v1_0' [i:/4730/project3/v1/v1.srcs/sources_1/bd/mult/ipshared/16c5/hdl/multiply_v1_0.v:4]
	Parameter C_S00_AXI_DATA_WIDTH bound to: 32 - type: integer 
	Parameter C_S00_AXI_ADDR_WIDTH bound to: 4 - type: integer 
INFO: [Synth 8-6157] synthesizing module 'multiply_v1_0_S00_AXI' [i:/4730/project3/v1/v1.srcs/sources_1/bd/mult/ipshared/16c5/hdl/multiply_v1_0_S00_AXI.v:4]
	Parameter C_S_AXI_DATA_WIDTH bound to: 32 - type: integer 
	Parameter C_S_AXI_ADDR_WIDTH bound to: 4 - type: integer 
	Parameter ADDR_LSB bound to: 2 - type: integer 
	Parameter OPT_MEM_ADDR_BITS bound to: 1 - type: integer 
INFO: [Synth 8-226] default block is never used [i:/4730/project3/v1/v1.srcs/sources_1/bd/mult/ipshared/16c5/hdl/multiply_v1_0_S00_AXI.v:231]
INFO: [Synth 8-226] default block is never used [i:/4730/project3/v1/v1.srcs/sources_1/bd/mult/ipshared/16c5/hdl/multiply_v1_0_S00_AXI.v:371]
INFO: [Synth 8-6155] done synthesizing module 'multiply_v1_0_S00_AXI' (1#1) [i:/4730/project3/v1/v1.srcs/sources_1/bd/mult/ipshared/16c5/hdl/multiply_v1_0_S00_AXI.v:4]
INFO: [Synth 8-6155] done synthesizing module 'multiply_v1_0' (2#1) [i:/4730/project3/v1/v1.srcs/sources_1/bd/mult/ipshared/16c5/hdl/multiply_v1_0.v:4]
INFO: [Synth 8-6155] done synthesizing module 'mult_multiply_0_0' (3#1) [i:/4730/project3/v1/v1.srcs/sources_1/bd/mult/ip/mult_multiply_0_0/synth/mult_multiply_0_0.v:57]
WARNING: [Synth 8-3331] design multiply_v1_0_S00_AXI has unconnected port S_AXI_AWPROT[2]
WARNING: [Synth 8-3331] design multiply_v1_0_S00_AXI has unconnected port S_AXI_AWPROT[1]
WARNING: [Synth 8-3331] design multiply_v1_0_S00_AXI has unconnected port S_AXI_AWPROT[0]
WARNING: [Synth 8-3331] design multiply_v1_0_S00_AXI has unconnected port S_AXI_ARPROT[2]
WARNING: [Synth 8-3331] design multiply_v1_0_S00_AXI has unconnected port S_AXI_ARPROT[1]
WARNING: [Synth 8-3331] design multiply_v1_0_S00_AXI has unconnected port S_AXI_ARPROT[0]
---------------------------------------------------------------------------------
Finished RTL Elaboration : Time (s): cpu = 00:00:02 ; elapsed = 00:00:03 . Memory (MB): peak = 451.988 ; gain = 156.066
---------------------------------------------------------------------------------

Report Check Netlist: 
+------+------------------+-------+---------+-------+------------------+
|      |Item              |Errors |Warnings |Status |Description       |
+------+------------------+-------+---------+-------+------------------+
|1     |multi_driven_nets |      0|        0|Passed |Multi driven nets |
+------+------------------+-------+---------+-------+------------------+
---------------------------------------------------------------------------------
Start Handling Custom Attributes
---------------------------------------------------------------------------------
---------------------------------------------------------------------------------
Finished Handling Custom Attributes : Time (s): cpu = 00:00:02 ; elapsed = 00:00:03 . Memory (MB): peak = 451.988 ; gain = 156.066
---------------------------------------------------------------------------------
---------------------------------------------------------------------------------
Finished RTL Optimization Phase 1 : Time (s): cpu = 00:00:02 ; elapsed = 00:00:03 . Memory (MB): peak = 451.988 ; gain = 156.066
---------------------------------------------------------------------------------
INFO: [Device 21-403] Loading part xc7z010clg400-1
INFO: [Project 1-570] Preparing netlist for logic optimization

Processing XDC Constraints
Initializing timing engine
Completed Processing XDC Constraints

Netlist sorting complete. Time (s): cpu = 00:00:00 ; elapsed = 00:00:00 . Memory (MB): peak = 769.828 ; gain = 0.000
INFO: [Project 1-111] Unisim Transformation Summary:
No Unisim elements were transformed.

Netlist sorting complete. Time (s): cpu = 00:00:00 ; elapsed = 00:00:00 . Memory (MB): peak = 769.828 ; gain = 0.000
WARNING: [Constraints 18-5210] No constraints selected for write.
Resolution: This message can indicate that there are no constraints for the design, or it can indicate that the used_in flags are set such that the constraints are ignored. This later case is used when running synth_design to not write synthesis constraints to the resulting checkpoint. Instead, project constraints are read when the synthesized design is opened.
Constraint Validation Runtime : Time (s): cpu = 00:00:00 ; elapsed = 00:00:00.056 . Memory (MB): peak = 772.617 ; gain = 2.789
---------------------------------------------------------------------------------
Finished Constraint Validation : Time (s): cpu = 00:00:08 ; elapsed = 00:00:12 . Memory (MB): peak = 772.617 ; gain = 476.695
---------------------------------------------------------------------------------
---------------------------------------------------------------------------------
Start Loading Part and Timing Information
---------------------------------------------------------------------------------
Loading part: xc7z010clg400-1
---------------------------------------------------------------------------------
Finished Loading Part and Timing Information : Time (s): cpu = 00:00:08 ; elapsed = 00:00:12 . Memory (MB): peak = 772.617 ; gain = 476.695
---------------------------------------------------------------------------------
---------------------------------------------------------------------------------
Start Applying 'set_property' XDC Constraints
---------------------------------------------------------------------------------
---------------------------------------------------------------------------------
Finished applying 'set_property' XDC Constraints : Time (s): cpu = 00:00:08 ; elapsed = 00:00:12 . Memory (MB): peak = 772.617 ; gain = 476.695
---------------------------------------------------------------------------------
---------------------------------------------------------------------------------
Finished RTL Optimization Phase 2 : Time (s): cpu = 00:00:08 ; elapsed = 00:00:13 . Memory (MB): peak = 772.617 ; gain = 476.695
---------------------------------------------------------------------------------

Report RTL Partitions: 
+-+--------------+------------+----------+
| |RTL Partition |Replication |Instances |
+-+--------------+------------+----------+
+-+--------------+------------+----------+
---------------------------------------------------------------------------------
Start RTL Component Statistics 
---------------------------------------------------------------------------------
Detailed RTL Component Info : 
+---Registers : 
	               64 Bit    Registers := 1     
	               32 Bit    Registers := 5     
	                4 Bit    Registers := 2     
	                2 Bit    Registers := 2     
	                1 Bit    Registers := 6     
+---Multipliers : 
	                32x32  Multipliers := 1     
+---Muxes : 
	   2 Input     32 Bit        Muxes := 2     
	   4 Input     32 Bit        Muxes := 3     
	   2 Input      1 Bit        Muxes := 5     
---------------------------------------------------------------------------------
Finished RTL Component Statistics 
---------------------------------------------------------------------------------
---------------------------------------------------------------------------------
Start RTL Hierarchical Component Statistics 
---------------------------------------------------------------------------------
Hierarchical RTL Component report 
Module multiply_v1_0_S00_AXI 
Detailed RTL Component Info : 
+---Registers : 
	               64 Bit    Registers := 1     
	               32 Bit    Registers := 5     
	                4 Bit    Registers := 2     
	                2 Bit    Registers := 2     
	                1 Bit    Registers := 6     
+---Multipliers : 
	                32x32  Multipliers := 1     
+---Muxes : 
	   2 Input     32 Bit        Muxes := 2     
	   4 Input     32 Bit        Muxes := 3     
	   2 Input      1 Bit        Muxes := 5     
---------------------------------------------------------------------------------
Finished RTL Hierarchical Component Statistics
---------------------------------------------------------------------------------
---------------------------------------------------------------------------------
Start Part Resource Summary
---------------------------------------------------------------------------------
Part Resources:
DSPs: 80 (col length:40)
BRAMs: 120 (col length: RAMB18 40 RAMB36 20)
---------------------------------------------------------------------------------
Finished Part Resource Summary
---------------------------------------------------------------------------------
---------------------------------------------------------------------------------
Start Cross Boundary and Area Optimization
---------------------------------------------------------------------------------
Warning: Parallel synthesis criteria is not met 
INFO: [Synth 8-5845] Not enough pipeline registers after wide multiplier. Recommended levels of pipeline registers is 4 [i:/4730/project3/v1/v1.srcs/sources_1/bd/mult/ipshared/16c5/hdl/multiply_v1_0_S00_AXI.v:407]
DSP Report: Generating DSP inst/multiply_v1_0_S00_AXI_inst/tmp_reg0, operation Mode is: A*B.
DSP Report: operator inst/multiply_v1_0_S00_AXI_inst/tmp_reg0 is absorbed into DSP inst/multiply_v1_0_S00_AXI_inst/tmp_reg0.
DSP Report: operator inst/multiply_v1_0_S00_AXI_inst/tmp_reg0 is absorbed into DSP inst/multiply_v1_0_S00_AXI_inst/tmp_reg0.
DSP Report: Generating DSP inst/multiply_v1_0_S00_AXI_inst/tmp_reg_reg, operation Mode is: (PCIN>>17)+A*B.
DSP Report: register inst/multiply_v1_0_S00_AXI_inst/tmp_reg_reg is absorbed into DSP inst/multiply_v1_0_S00_AXI_inst/tmp_reg_reg.
DSP Report: operator inst/multiply_v1_0_S00_AXI_inst/tmp_reg0 is absorbed into DSP inst/multiply_v1_0_S00_AXI_inst/tmp_reg_reg.
DSP Report: operator inst/multiply_v1_0_S00_AXI_inst/tmp_reg0 is absorbed into DSP inst/multiply_v1_0_S00_AXI_inst/tmp_reg_reg.
DSP Report: Generating DSP inst/multiply_v1_0_S00_AXI_inst/tmp_reg0, operation Mode is: A*B.
DSP Report: operator inst/multiply_v1_0_S00_AXI_inst/tmp_reg0 is absorbed into DSP inst/multiply_v1_0_S00_AXI_inst/tmp_reg0.
DSP Report: operator inst/multiply_v1_0_S00_AXI_inst/tmp_reg0 is absorbed into DSP inst/multiply_v1_0_S00_AXI_inst/tmp_reg0.
DSP Report: Generating DSP inst/multiply_v1_0_S00_AXI_inst/tmp_reg_reg, operation Mode is: (PCIN>>17)+A*B.
DSP Report: register inst/multiply_v1_0_S00_AXI_inst/tmp_reg_reg is absorbed into DSP inst/multiply_v1_0_S00_AXI_inst/tmp_reg_reg.
DSP Report: operator inst/multiply_v1_0_S00_AXI_inst/tmp_reg0 is absorbed into DSP inst/multiply_v1_0_S00_AXI_inst/tmp_reg_reg.
DSP Report: operator inst/multiply_v1_0_S00_AXI_inst/tmp_reg0 is absorbed into DSP inst/multiply_v1_0_S00_AXI_inst/tmp_reg_reg.
WARNING: [Synth 8-3331] design mult_multiply_0_0 has unconnected port s00_axi_awprot[2]
WARNING: [Synth 8-3331] design mult_multiply_0_0 has unconnected port s00_axi_awprot[1]
WARNING: [Synth 8-3331] design mult_multiply_0_0 has unconnected port s00_axi_awprot[0]
WARNING: [Synth 8-3331] design mult_multiply_0_0 has unconnected port s00_axi_arprot[2]
WARNING: [Synth 8-3331] design mult_multiply_0_0 has unconnected port s00_axi_arprot[1]
WARNING: [Synth 8-3331] design mult_multiply_0_0 has unconnected port s00_axi_arprot[0]
INFO: [Synth 8-3886] merging instance 'inst/multiply_v1_0_S00_AXI_inst/axi_rresp_reg[0]' (FDRE) to 'inst/multiply_v1_0_S00_AXI_inst/axi_rresp_reg[1]'
INFO: [Synth 8-3333] propagating constant 0 across sequential element (\inst/multiply_v1_0_S00_AXI_inst/axi_rresp_reg[1] )
INFO: [Synth 8-3886] merging instance 'inst/multiply_v1_0_S00_AXI_inst/axi_bresp_reg[0]' (FDRE) to 'inst/multiply_v1_0_S00_AXI_inst/axi_bresp_reg[1]'
INFO: [Synth 8-3333] propagating constant 0 across sequential element (\inst/multiply_v1_0_S00_AXI_inst/axi_bresp_reg[1] )
INFO: [Synth 8-3332] Sequential element (inst/multiply_v1_0_S00_AXI_inst/tmp_reg_reg[47]) is unused and will be removed from module mult_multiply_0_0.
INFO: [Synth 8-3332] Sequential element (inst/multiply_v1_0_S00_AXI_inst/tmp_reg_reg[46]) is unused and will be removed from module mult_multiply_0_0.
INFO: [Synth 8-3332] Sequential element (inst/multiply_v1_0_S00_AXI_inst/tmp_reg_reg[45]) is unused and will be removed from module mult_multiply_0_0.
INFO: [Synth 8-3332] Sequential element (inst/multiply_v1_0_S00_AXI_inst/tmp_reg_reg[44]) is unused and will be removed from module mult_multiply_0_0.
INFO: [Synth 8-3332] Sequential element (inst/multiply_v1_0_S00_AXI_inst/tmp_reg_reg[43]) is unused and will be removed from module mult_multiply_0_0.
INFO: [Synth 8-3332] Sequential element (inst/multiply_v1_0_S00_AXI_inst/tmp_reg_reg[42]) is unused and will be removed from module mult_multiply_0_0.
INFO: [Synth 8-3332] Sequential element (inst/multiply_v1_0_S00_AXI_inst/tmp_reg_reg[41]) is unused and will be removed from module mult_multiply_0_0.
INFO: [Synth 8-3332] Sequential element (inst/multiply_v1_0_S00_AXI_inst/tmp_reg_reg[40]) is unused and will be removed from module mult_multiply_0_0.
INFO: [Synth 8-3332] Sequential element (inst/multiply_v1_0_S00_AXI_inst/tmp_reg_reg[39]) is unused and will be removed from module mult_multiply_0_0.
INFO: [Synth 8-3332] Sequential element (inst/multiply_v1_0_S00_AXI_inst/tmp_reg_reg[38]) is unused and will be removed from module mult_multiply_0_0.
INFO: [Synth 8-3332] Sequential element (inst/multiply_v1_0_S00_AXI_inst/tmp_reg_reg[37]) is unused and will be removed from module mult_multiply_0_0.
INFO: [Synth 8-3332] Sequential element (inst/multiply_v1_0_S00_AXI_inst/tmp_reg_reg[36]) is unused and will be removed from module mult_multiply_0_0.
INFO: [Synth 8-3332] Sequential element (inst/multiply_v1_0_S00_AXI_inst/tmp_reg_reg[35]) is unused and will be removed from module mult_multiply_0_0.
INFO: [Synth 8-3332] Sequential element (inst/multiply_v1_0_S00_AXI_inst/tmp_reg_reg[34]) is unused and will be removed from module mult_multiply_0_0.
INFO: [Synth 8-3332] Sequential element (inst/multiply_v1_0_S00_AXI_inst/tmp_reg_reg[33]) is unused and will be removed from module mult_multiply_0_0.
INFO: [Synth 8-3332] Sequential element (inst/multiply_v1_0_S00_AXI_inst/tmp_reg_reg[32]) is unused and will be removed from module mult_multiply_0_0.
INFO: [Synth 8-3332] Sequential element (inst/multiply_v1_0_S00_AXI_inst/tmp_reg_reg[31]) is unused and will be removed from module mult_multiply_0_0.
INFO: [Synth 8-3332] Sequential element (inst/multiply_v1_0_S00_AXI_inst/tmp_reg_reg[30]) is unused and will be removed from module mult_multiply_0_0.
INFO: [Synth 8-3332] Sequential element (inst/multiply_v1_0_S00_AXI_inst/tmp_reg_reg[29]) is unused and will be removed from module mult_multiply_0_0.
INFO: [Synth 8-3332] Sequential element (inst/multiply_v1_0_S00_AXI_inst/tmp_reg_reg[28]) is unused and will be removed from module mult_multiply_0_0.
INFO: [Synth 8-3332] Sequential element (inst/multiply_v1_0_S00_AXI_inst/tmp_reg_reg[27]) is unused and will be removed from module mult_multiply_0_0.
INFO: [Synth 8-3332] Sequential element (inst/multiply_v1_0_S00_AXI_inst/tmp_reg_reg[26]) is unused and will be removed from module mult_multiply_0_0.
INFO: [Synth 8-3332] Sequential element (inst/multiply_v1_0_S00_AXI_inst/tmp_reg_reg[25]) is unused and will be removed from module mult_multiply_0_0.
INFO: [Synth 8-3332] Sequential element (inst/multiply_v1_0_S00_AXI_inst/tmp_reg_reg[24]) is unused and will be removed from module mult_multiply_0_0.
INFO: [Synth 8-3332] Sequential element (inst/multiply_v1_0_S00_AXI_inst/tmp_reg_reg[23]) is unused and will be removed from module mult_multiply_0_0.
INFO: [Synth 8-3332] Sequential element (inst/multiply_v1_0_S00_AXI_inst/tmp_reg_reg[22]) is unused and will be removed from module mult_multiply_0_0.
INFO: [Synth 8-3332] Sequential element (inst/multiply_v1_0_S00_AXI_inst/tmp_reg_reg[21]) is unused and will be removed from module mult_multiply_0_0.
INFO: [Synth 8-3332] Sequential element (inst/multiply_v1_0_S00_AXI_inst/tmp_reg_reg[20]) is unused and will be removed from module mult_multiply_0_0.
INFO: [Synth 8-3332] Sequential element (inst/multiply_v1_0_S00_AXI_inst/tmp_reg_reg[19]) is unused and will be removed from module mult_multiply_0_0.
INFO: [Synth 8-3332] Sequential element (inst/multiply_v1_0_S00_AXI_inst/tmp_reg_reg[18]) is unused and will be removed from module mult_multiply_0_0.
INFO: [Synth 8-3332] Sequential element (inst/multiply_v1_0_S00_AXI_inst/tmp_reg_reg[17]) is unused and will be removed from module mult_multiply_0_0.
INFO: [Synth 8-3332] Sequential element (inst/multiply_v1_0_S00_AXI_inst/tmp_reg_reg[47]__0) is unused and will be removed from module mult_multiply_0_0.
INFO: [Synth 8-3332] Sequential element (inst/multiply_v1_0_S00_AXI_inst/tmp_reg_reg[46]__0) is unused and will be removed from module mult_multiply_0_0.
INFO: [Synth 8-3332] Sequential element (inst/multiply_v1_0_S00_AXI_inst/tmp_reg_reg[45]__0) is unused and will be removed from module mult_multiply_0_0.
INFO: [Synth 8-3332] Sequential element (inst/multiply_v1_0_S00_AXI_inst/tmp_reg_reg[44]__0) is unused and will be removed from module mult_multiply_0_0.
INFO: [Synth 8-3332] Sequential element (inst/multiply_v1_0_S00_AXI_inst/tmp_reg_reg[43]__0) is unused and will be removed from module mult_multiply_0_0.
INFO: [Synth 8-3332] Sequential element (inst/multiply_v1_0_S00_AXI_inst/tmp_reg_reg[42]__0) is unused and will be removed from module mult_multiply_0_0.
INFO: [Synth 8-3332] Sequential element (inst/multiply_v1_0_S00_AXI_inst/tmp_reg_reg[41]__0) is unused and will be removed from module mult_multiply_0_0.
INFO: [Synth 8-3332] Sequential element (inst/multiply_v1_0_S00_AXI_inst/tmp_reg_reg[40]__0) is unused and will be removed from module mult_multiply_0_0.
INFO: [Synth 8-3332] Sequential element (inst/multiply_v1_0_S00_AXI_inst/tmp_reg_reg[39]__0) is unused and will be removed from module mult_multiply_0_0.
INFO: [Synth 8-3332] Sequential element (inst/multiply_v1_0_S00_AXI_inst/tmp_reg_reg[38]__0) is unused and will be removed from module mult_multiply_0_0.
INFO: [Synth 8-3332] Sequential element (inst/multiply_v1_0_S00_AXI_inst/tmp_reg_reg[37]__0) is unused and will be removed from module mult_multiply_0_0.
INFO: [Synth 8-3332] Sequential element (inst/multiply_v1_0_S00_AXI_inst/tmp_reg_reg[36]__0) is unused and will be removed from module mult_multiply_0_0.
INFO: [Synth 8-3332] Sequential element (inst/multiply_v1_0_S00_AXI_inst/tmp_reg_reg[35]__0) is unused and will be removed from module mult_multiply_0_0.
INFO: [Synth 8-3332] Sequential element (inst/multiply_v1_0_S00_AXI_inst/tmp_reg_reg[34]__0) is unused and will be removed from module mult_multiply_0_0.
INFO: [Synth 8-3332] Sequential element (inst/multiply_v1_0_S00_AXI_inst/tmp_reg_reg[33]__0) is unused and will be removed from module mult_multiply_0_0.
INFO: [Synth 8-3332] Sequential element (inst/multiply_v1_0_S00_AXI_inst/tmp_reg_reg[32]__0) is unused and will be removed from module mult_multiply_0_0.
INFO: [Synth 8-3332] Sequential element (inst/multiply_v1_0_S00_AXI_inst/tmp_reg_reg[31]__0) is unused and will be removed from module mult_multiply_0_0.
INFO: [Synth 8-3332] Sequential element (inst/multiply_v1_0_S00_AXI_inst/tmp_reg_reg[30]__0) is unused and will be removed from module mult_multiply_0_0.
INFO: [Synth 8-3332] Sequential element (inst/multiply_v1_0_S00_AXI_inst/tmp_reg_reg[29]__0) is unused and will be removed from module mult_multiply_0_0.
INFO: [Synth 8-3332] Sequential element (inst/multiply_v1_0_S00_AXI_inst/tmp_reg_reg[28]__0) is unused and will be removed from module mult_multiply_0_0.
INFO: [Synth 8-3332] Sequential element (inst/multiply_v1_0_S00_AXI_inst/tmp_reg_reg[27]__0) is unused and will be removed from module mult_multiply_0_0.
INFO: [Synth 8-3332] Sequential element (inst/multiply_v1_0_S00_AXI_inst/tmp_reg_reg[26]__0) is unused and will be removed from module mult_multiply_0_0.
INFO: [Synth 8-3332] Sequential element (inst/multiply_v1_0_S00_AXI_inst/tmp_reg_reg[25]__0) is unused and will be removed from module mult_multiply_0_0.
INFO: [Synth 8-3332] Sequential element (inst/multiply_v1_0_S00_AXI_inst/tmp_reg_reg[24]__0) is unused and will be removed from module mult_multiply_0_0.
INFO: [Synth 8-3332] Sequential element (inst/multiply_v1_0_S00_AXI_inst/tmp_reg_reg[23]__0) is unused and will be removed from module mult_multiply_0_0.
INFO: [Synth 8-3332] Sequential element (inst/multiply_v1_0_S00_AXI_inst/tmp_reg_reg[22]__0) is unused and will be removed from module mult_multiply_0_0.
INFO: [Synth 8-3332] Sequential element (inst/multiply_v1_0_S00_AXI_inst/tmp_reg_reg[21]__0) is unused and will be removed from module mult_multiply_0_0.
INFO: [Synth 8-3332] Sequential element (inst/multiply_v1_0_S00_AXI_inst/tmp_reg_reg[20]__0) is unused and will be removed from module mult_multiply_0_0.
INFO: [Synth 8-3332] Sequential element (inst/multiply_v1_0_S00_AXI_inst/tmp_reg_reg[19]__0) is unused and will be removed from module mult_multiply_0_0.
INFO: [Synth 8-3332] Sequential element (inst/multiply_v1_0_S00_AXI_inst/tmp_reg_reg[18]__0) is unused and will be removed from module mult_multiply_0_0.
INFO: [Synth 8-3332] Sequential element (inst/multiply_v1_0_S00_AXI_inst/tmp_reg_reg[17]__0) is unused and will be removed from module mult_multiply_0_0.
---------------------------------------------------------------------------------
Finished Cross Boundary and Area Optimization : Time (s): cpu = 00:00:09 ; elapsed = 00:00:14 . Memory (MB): peak = 772.617 ; gain = 476.695
---------------------------------------------------------------------------------
---------------------------------------------------------------------------------
Start ROM, RAM, DSP and Shift Register Reporting
---------------------------------------------------------------------------------

DSP: Preliminary Mapping  Report (see note below)
+------------------+----------------+--------+--------+--------+--------+--------+------+------+------+------+-------+------+------+
|Module Name       | DSP Mapping    | A Size | B Size | C Size | D Size | P Size | AREG | BREG | CREG | DREG | ADREG | MREG | PREG | 
+------------------+----------------+--------+--------+--------+--------+--------+------+------+------+------+-------+------+------+
|mult_multiply_0_0 | A*B            | 18     | 16     | -      | -      | 48     | 0    | 0    | -    | -    | -     | 0    | 0    | 
|mult_multiply_0_0 | (PCIN>>17)+A*B | 16     | 16     | -      | -      | 48     | 0    | 0    | -    | -    | -     | 0    | 1    | 
|mult_multiply_0_0 | A*B            | 18     | 18     | -      | -      | 48     | 0    | 0    | -    | -    | -     | 0    | 0    | 
|mult_multiply_0_0 | (PCIN>>17)+A*B | 18     | 16     | -      | -      | 48     | 0    | 0    | -    | -    | -     | 0    | 1    | 
+------------------+----------------+--------+--------+--------+--------+--------+------+------+------+------+-------+------+------+

Note: The table above is a preliminary report that shows the DSPs inferred at the current stage of the synthesis flow. Some DSP may be reimplemented as non DSP primitives later in the synthesis flow. Multiple instantiated DSPs are reported only once.
---------------------------------------------------------------------------------
Finished ROM, RAM, DSP and Shift Register Reporting
---------------------------------------------------------------------------------

Report RTL Partitions: 
+-+--------------+------------+----------+
| |RTL Partition |Replication |Instances |
+-+--------------+------------+----------+
+-+--------------+------------+----------+
---------------------------------------------------------------------------------
Start Applying XDC Timing Constraints
---------------------------------------------------------------------------------
---------------------------------------------------------------------------------
Finished Applying XDC Timing Constraints : Time (s): cpu = 00:00:18 ; elapsed = 00:00:23 . Memory (MB): peak = 822.750 ; gain = 526.828
---------------------------------------------------------------------------------
---------------------------------------------------------------------------------
Start Timing Optimization
---------------------------------------------------------------------------------
---------------------------------------------------------------------------------
Finished Timing Optimization : Time (s): cpu = 00:00:18 ; elapsed = 00:00:23 . Memory (MB): peak = 823.121 ; gain = 527.199
---------------------------------------------------------------------------------

Report RTL Partitions: 
+-+--------------+------------+----------+
| |RTL Partition |Replication |Instances |
+-+--------------+------------+----------+
+-+--------------+------------+----------+
---------------------------------------------------------------------------------
Start Technology Mapping
---------------------------------------------------------------------------------
---------------------------------------------------------------------------------
Finished Technology Mapping : Time (s): cpu = 00:00:18 ; elapsed = 00:00:23 . Memory (MB): peak = 833.715 ; gain = 537.793
---------------------------------------------------------------------------------

Report RTL Partitions: 
+-+--------------+------------+----------+
| |RTL Partition |Replication |Instances |
+-+--------------+------------+----------+
+-+--------------+------------+----------+
---------------------------------------------------------------------------------
Start IO Insertion
---------------------------------------------------------------------------------
---------------------------------------------------------------------------------
Start Flattening Before IO Insertion
---------------------------------------------------------------------------------
---------------------------------------------------------------------------------
Finished Flattening Before IO Insertion
---------------------------------------------------------------------------------
---------------------------------------------------------------------------------
Start Final Netlist Cleanup
---------------------------------------------------------------------------------
---------------------------------------------------------------------------------
Finished Final Netlist Cleanup
---------------------------------------------------------------------------------
---------------------------------------------------------------------------------
Finished IO Insertion : Time (s): cpu = 00:00:19 ; elapsed = 00:00:24 . Memory (MB): peak = 833.715 ; gain = 537.793
---------------------------------------------------------------------------------

Report Check Netlist: 
+------+------------------+-------+---------+-------+------------------+
|      |Item              |Errors |Warnings |Status |Description       |
+------+------------------+-------+---------+-------+------------------+
|1     |multi_driven_nets |      0|        0|Passed |Multi driven nets |
+------+------------------+-------+---------+-------+------------------+
---------------------------------------------------------------------------------
Start Renaming Generated Instances
---------------------------------------------------------------------------------
---------------------------------------------------------------------------------
Finished Renaming Generated Instances : Time (s): cpu = 00:00:19 ; elapsed = 00:00:24 . Memory (MB): peak = 833.715 ; gain = 537.793
---------------------------------------------------------------------------------

Report RTL Partitions: 
+-+--------------+------------+----------+
| |RTL Partition |Replication |Instances |
+-+--------------+------------+----------+
+-+--------------+------------+----------+
---------------------------------------------------------------------------------
Start Rebuilding User Hierarchy
---------------------------------------------------------------------------------
---------------------------------------------------------------------------------
Finished Rebuilding User Hierarchy : Time (s): cpu = 00:00:19 ; elapsed = 00:00:24 . Memory (MB): peak = 833.715 ; gain = 537.793
---------------------------------------------------------------------------------
---------------------------------------------------------------------------------
Start Renaming Generated Ports
---------------------------------------------------------------------------------
---------------------------------------------------------------------------------
Finished Renaming Generated Ports : Time (s): cpu = 00:00:19 ; elapsed = 00:00:24 . Memory (MB): peak = 833.715 ; gain = 537.793
---------------------------------------------------------------------------------
---------------------------------------------------------------------------------
Start Handling Custom Attributes
---------------------------------------------------------------------------------
---------------------------------------------------------------------------------
Finished Handling Custom Attributes : Time (s): cpu = 00:00:19 ; elapsed = 00:00:24 . Memory (MB): peak = 833.715 ; gain = 537.793
---------------------------------------------------------------------------------
---------------------------------------------------------------------------------
Start Renaming Generated Nets
---------------------------------------------------------------------------------
---------------------------------------------------------------------------------
Finished Renaming Generated Nets : Time (s): cpu = 00:00:19 ; elapsed = 00:00:24 . Memory (MB): peak = 833.715 ; gain = 537.793
---------------------------------------------------------------------------------
---------------------------------------------------------------------------------
Start Writing Synthesis Report
---------------------------------------------------------------------------------

Report BlackBoxes: 
+-+--------------+----------+
| |BlackBox name |Instances |
+-+--------------+----------+
+-+--------------+----------+

Report Cell Usage: 
+------+----------+------+
|      |Cell      |Count |
+------+----------+------+
|1     |CARRY4    |    12|
|2     |DSP48E1   |     2|
|3     |DSP48E1_1 |     2|
|4     |LUT1      |     1|
|5     |LUT2      |    48|
|6     |LUT3      |     1|
|7     |LUT4      |    14|
|8     |LUT6      |    36|
|9     |FDRE      |   203|
|10    |FDSE      |     1|
+------+----------+------+

Report Instance Areas: 
+------+-------------------------------+----------------------+------+
|      |Instance                       |Module                |Cells |
+------+-------------------------------+----------------------+------+
|1     |top                            |                      |   320|
|2     |  inst                         |multiply_v1_0         |   320|
|3     |    multiply_v1_0_S00_AXI_inst |multiply_v1_0_S00_AXI |   320|
+------+-------------------------------+----------------------+------+
---------------------------------------------------------------------------------
Finished Writing Synthesis Report : Time (s): cpu = 00:00:19 ; elapsed = 00:00:24 . Memory (MB): peak = 833.715 ; gain = 537.793
---------------------------------------------------------------------------------
Synthesis finished with 0 errors, 0 critical warnings and 6 warnings.
Synthesis Optimization Runtime : Time (s): cpu = 00:00:13 ; elapsed = 00:00:17 . Memory (MB): peak = 833.715 ; gain = 217.164
Synthesis Optimization Complete : Time (s): cpu = 00:00:19 ; elapsed = 00:00:24 . Memory (MB): peak = 833.715 ; gain = 537.793
INFO: [Project 1-571] Translating synthesized netlist
INFO: [Netlist 29-17] Analyzing 16 Unisim elements for replacement
INFO: [Netlist 29-28] Unisim Transformation completed in 0 CPU seconds
INFO: [Project 1-570] Preparing netlist for logic optimization
INFO: [Opt 31-138] Pushed 0 inverter(s) to 0 load pin(s).
Netlist sorting complete. Time (s): cpu = 00:00:00 ; elapsed = 00:00:00 . Memory (MB): peak = 833.715 ; gain = 0.000
INFO: [Project 1-111] Unisim Transformation Summary:
No Unisim elements were transformed.

INFO: [Common 17-83] Releasing license: Synthesis
89 Infos, 13 Warnings, 0 Critical Warnings and 0 Errors encountered.
synth_design completed successfully
synth_design: Time (s): cpu = 00:00:21 ; elapsed = 00:00:27 . Memory (MB): peak = 833.715 ; gain = 544.520
Netlist sorting complete. Time (s): cpu = 00:00:00 ; elapsed = 00:00:00.001 . Memory (MB): peak = 833.715 ; gain = 0.000
WARNING: [Constraints 18-5210] No constraints selected for write.
Resolution: This message can indicate that there are no constraints for the design, or it can indicate that the used_in flags are set such that the constraints are ignored. This later case is used when running synth_design to not write synthesis constraints to the resulting checkpoint. Instead, project constraints are read when the synthesized design is opened.
INFO: [Common 17-1381] The checkpoint 'I:/4730/project3/v1/v1.runs/mult_multiply_0_0_synth_1/mult_multiply_0_0.dcp' has been generated.
INFO: [Coretcl 2-1648] Added synthesis output to IP cache for IP mult_multiply_0_0, cache-ID = b4bb70891521ed4e
INFO: [Coretcl 2-1174] Renamed 2 cell refs.
Netlist sorting complete. Time (s): cpu = 00:00:00 ; elapsed = 00:00:00 . Memory (MB): peak = 833.715 ; gain = 0.000
WARNING: [Constraints 18-5210] No constraints selected for write.
Resolution: This message can indicate that there are no constraints for the design, or it can indicate that the used_in flags are set such that the constraints are ignored. This later case is used when running synth_design to not write synthesis constraints to the resulting checkpoint. Instead, project constraints are read when the synthesized design is opened.
INFO: [Common 17-1381] The checkpoint 'I:/4730/project3/v1/v1.runs/mult_multiply_0_0_synth_1/mult_multiply_0_0.dcp' has been generated.
INFO: [runtcl-4] Executing : report_utilization -file mult_multiply_0_0_utilization_synth.rpt -pb mult_multiply_0_0_utilization_synth.pb
INFO: [Common 17-206] Exiting Vivado at Tue Feb 12 21:17:47 2019...
