21:10:02 INFO  : Registering command handlers for SDK TCF services
21:10:02 INFO  : Launching XSCT server: xsct.bat -interactive I:\4730\project3\v1\v1.sdk\temp_xsdb_launch_script.tcl
21:10:04 INFO  : XSCT server has started successfully.
21:10:05 INFO  : Successfully done setting XSCT server connection channel  
21:10:05 INFO  : Processing command line option -hwspec I:/4730/project3/v1/v1.sdk/mult_wrapper.hdf.
21:10:05 INFO  : Successfully done setting SDK workspace  
21:12:18 INFO  : Connected to target on host '127.0.0.1' and port '3121'.
21:12:20 INFO  : 'targets -set -filter {jtag_cable_name =~ "Digilent Zybo Z7 210351A81A9EA" && level==0} -index 1' command is executed.
21:12:21 INFO  : FPGA configured successfully with bitstream "I:/4730/project3/v1/v1.sdk/mult_wrapper_hw_platform_0/mult_wrapper.bit"
21:12:58 INFO  : 'targets -set -filter {jtag_cable_name =~ "Digilent Zybo Z7 210351A81A9EA" && level==0} -index 1' command is executed.
21:12:58 INFO  : 'fpga -state' command is executed.
21:12:58 INFO  : Connected to target on host '127.0.0.1' and port '3121'.
21:12:58 INFO  : Jtag cable 'Digilent Zybo Z7 210351A81A9EA' is selected.
21:12:58 INFO  : 'jtag frequency' command is executed.
21:12:58 INFO  : Context for 'APU' is selected.
21:12:58 INFO  : Hardware design information is loaded from 'I:/4730/project3/v1/v1.sdk/mult_wrapper_hw_platform_0/system.hdf'.
21:12:58 INFO  : 'configparams force-mem-access 1' command is executed.
21:12:58 INFO  : Context for processor 'ps7_cortexa9_0' is selected.
21:12:58 INFO  : Processor reset is completed for 'ps7_cortexa9_0'.
21:12:58 INFO  : Context for processor 'ps7_cortexa9_0' is selected.
21:12:58 INFO  : The application 'I:/4730/project3/v1/v1.sdk/mult/Debug/mult.elf' is downloaded to processor 'ps7_cortexa9_0'.
21:12:58 INFO  : 'configparams force-mem-access 0' command is executed.
21:12:58 INFO  : ----------------XSDB Script----------------
connect -url tcp:127.0.0.1:3121
targets -set -nocase -filter {name =~"APU*" && jtag_cable_name =~ "Digilent Zybo Z7 210351A81A9EA"} -index 0
loadhw -hw I:/4730/project3/v1/v1.sdk/mult_wrapper_hw_platform_0/system.hdf -mem-ranges [list {0x40000000 0xbfffffff}]
configparams force-mem-access 1
targets -set -nocase -filter {name =~ "ARM*#0" && jtag_cable_name =~ "Digilent Zybo Z7 210351A81A9EA"} -index 0
rst -processor
targets -set -nocase -filter {name =~ "ARM*#0" && jtag_cable_name =~ "Digilent Zybo Z7 210351A81A9EA"} -index 0
dow I:/4730/project3/v1/v1.sdk/mult/Debug/mult.elf
configparams force-mem-access 0
----------------End of Script----------------

21:12:59 INFO  : Context for processor 'ps7_cortexa9_0' is selected.
21:12:59 INFO  : 'con' command is executed.
21:12:59 INFO  : ----------------XSDB Script (After Launch)----------------
targets -set -nocase -filter {name =~ "ARM*#0" && jtag_cable_name =~ "Digilent Zybo Z7 210351A81A9EA"} -index 0
con
----------------End of Script----------------

21:12:59 INFO  : Disconnected from the channel tcfchan#1.
21:20:07 INFO  : SDK has detected change in the last modified timestamps for source hardware specification file Source:1550031574000,  Project:1550030500000
21:20:07 INFO  : Project mult_wrapper_hw_platform_0's source hardware specification located at I:/4730/project3/v1/v1.sdk/mult_wrapper.hdf is now different from the local copy.
		 The local copy will be replaced with the source specification and your workspace will be updated.
21:20:13 INFO  : Project mult_wrapper_hw_platform_0's source hardware specification location will not be monitored anymore.
21:20:52 INFO  : Registering command handlers for SDK TCF services
21:20:52 INFO  : Launching XSCT server: xsct.bat -interactive I:\4730\project3\v1\v1.sdk\temp_xsdb_launch_script.tcl
21:20:54 INFO  : XSCT server has started successfully.
21:20:55 INFO  : Processing command line option -hwspec I:/4730/project3/v1/v1.sdk/mult_wrapper.hdf.
21:20:55 INFO  : Successfully done setting XSCT server connection channel  
21:20:55 INFO  : Successfully done setting SDK workspace  
21:21:17 INFO  : Connected to target on host '127.0.0.1' and port '3121'.
21:21:19 INFO  : 'targets -set -filter {jtag_cable_name =~ "Digilent Zybo Z7 210351A81A9EA" && level==0} -index 1' command is executed.
21:21:21 INFO  : FPGA configured successfully with bitstream "I:/4730/project3/v1/v1.sdk/mult_wrapper_hw_platform_0/mult_wrapper.bit"
21:21:47 INFO  : 'targets -set -filter {jtag_cable_name =~ "Digilent Zybo Z7 210351A81A9EA" && level==0} -index 1' command is executed.
21:21:47 INFO  : 'fpga -state' command is executed.
21:21:47 INFO  : Connected to target on host '127.0.0.1' and port '3121'.
21:21:47 INFO  : Jtag cable 'Digilent Zybo Z7 210351A81A9EA' is selected.
21:21:47 INFO  : 'jtag frequency' command is executed.
21:21:47 INFO  : Context for 'APU' is selected.
21:21:47 INFO  : Hardware design information is loaded from 'I:/4730/project3/v1/v1.sdk/mult_wrapper_hw_platform_0/system.hdf'.
21:21:47 INFO  : 'configparams force-mem-access 1' command is executed.
21:21:47 INFO  : Context for processor 'ps7_cortexa9_0' is selected.
21:21:47 INFO  : Processor reset is completed for 'ps7_cortexa9_0'.
21:21:47 INFO  : Context for processor 'ps7_cortexa9_0' is selected.
21:21:47 INFO  : The application 'I:/4730/project3/v1/v1.sdk/mult/Debug/mult.elf' is downloaded to processor 'ps7_cortexa9_0'.
21:21:48 INFO  : 'configparams force-mem-access 0' command is executed.
21:21:48 INFO  : ----------------XSDB Script----------------
connect -url tcp:127.0.0.1:3121
targets -set -nocase -filter {name =~"APU*" && jtag_cable_name =~ "Digilent Zybo Z7 210351A81A9EA"} -index 0
loadhw -hw I:/4730/project3/v1/v1.sdk/mult_wrapper_hw_platform_0/system.hdf -mem-ranges [list {0x40000000 0xbfffffff}]
configparams force-mem-access 1
targets -set -nocase -filter {name =~ "ARM*#0" && jtag_cable_name =~ "Digilent Zybo Z7 210351A81A9EA"} -index 0
rst -processor
targets -set -nocase -filter {name =~ "ARM*#0" && jtag_cable_name =~ "Digilent Zybo Z7 210351A81A9EA"} -index 0
dow I:/4730/project3/v1/v1.sdk/mult/Debug/mult.elf
configparams force-mem-access 0
----------------End of Script----------------

21:21:48 INFO  : Context for processor 'ps7_cortexa9_0' is selected.
21:21:48 INFO  : 'con' command is executed.
21:21:48 INFO  : ----------------XSDB Script (After Launch)----------------
targets -set -nocase -filter {name =~ "ARM*#0" && jtag_cable_name =~ "Digilent Zybo Z7 210351A81A9EA"} -index 0
con
----------------End of Script----------------

21:21:48 INFO  : Disconnected from the channel tcfchan#1.
21:22:28 INFO  : 'targets -set -filter {jtag_cable_name =~ "Digilent Zybo Z7 210351A81A9EA" && level==0} -index 1' command is executed.
21:22:28 INFO  : 'fpga -state' command is executed.
21:22:28 INFO  : Connected to target on host '127.0.0.1' and port '3121'.
21:22:28 INFO  : Jtag cable 'Digilent Zybo Z7 210351A81A9EA' is selected.
21:22:28 INFO  : 'jtag frequency' command is executed.
21:22:28 INFO  : Context for 'APU' is selected.
21:22:35 INFO  : Hardware design information is loaded from 'I:/4730/project3/v1/v1.sdk/mult_wrapper_hw_platform_0/system.hdf'.
21:22:35 INFO  : 'configparams force-mem-access 1' command is executed.
21:22:35 INFO  : Context for processor 'ps7_cortexa9_0' is selected.
21:22:35 INFO  : Processor reset is completed for 'ps7_cortexa9_0'.
21:22:35 INFO  : Context for processor 'ps7_cortexa9_0' is selected.
21:22:35 INFO  : The application 'I:/4730/project3/v1/v1.sdk/mult/Debug/mult.elf' is downloaded to processor 'ps7_cortexa9_0'.
21:22:35 INFO  : 'configparams force-mem-access 0' command is executed.
21:22:35 INFO  : ----------------XSDB Script----------------
connect -url tcp:127.0.0.1:3121
targets -set -nocase -filter {name =~"APU*" && jtag_cable_name =~ "Digilent Zybo Z7 210351A81A9EA"} -index 0
loadhw -hw I:/4730/project3/v1/v1.sdk/mult_wrapper_hw_platform_0/system.hdf -mem-ranges [list {0x40000000 0xbfffffff}]
configparams force-mem-access 1
targets -set -nocase -filter {name =~ "ARM*#0" && jtag_cable_name =~ "Digilent Zybo Z7 210351A81A9EA"} -index 0
rst -processor
targets -set -nocase -filter {name =~ "ARM*#0" && jtag_cable_name =~ "Digilent Zybo Z7 210351A81A9EA"} -index 0
dow I:/4730/project3/v1/v1.sdk/mult/Debug/mult.elf
configparams force-mem-access 0
----------------End of Script----------------

21:22:35 INFO  : Context for processor 'ps7_cortexa9_0' is selected.
21:22:35 INFO  : 'con' command is executed.
21:22:35 INFO  : ----------------XSDB Script (After Launch)----------------
targets -set -nocase -filter {name =~ "ARM*#0" && jtag_cable_name =~ "Digilent Zybo Z7 210351A81A9EA"} -index 0
con
----------------End of Script----------------

21:22:35 INFO  : Disconnected from the channel tcfchan#2.
14:25:50 INFO  : Registering command handlers for SDK TCF services
14:25:50 INFO  : Launching XSCT server: xsct.bat -interactive E:\4730\project3\v1\v1.sdk\temp_xsdb_launch_script.tcl
14:25:53 INFO  : XSCT server has started successfully.
14:25:53 INFO  : Successfully done setting XSCT server connection channel  
14:25:53 INFO  : Processing command line option -hwspec E:/4730/project3/v1/v1.sdk/mult_wrapper.hdf.
14:25:54 INFO  : Successfully done setting SDK workspace  
14:58:11 INFO  : Registering command handlers for SDK TCF services
14:58:12 INFO  : Launching XSCT server: xsct.bat -interactive E:\4730\project3\v1\v1.sdk\temp_xsdb_launch_script.tcl
14:58:14 INFO  : XSCT server has started successfully.
14:58:14 INFO  : Processing command line option -hwspec E:/4730/project3/v1/v1.sdk/mult_wrapper.hdf.
14:58:14 INFO  : Successfully done setting XSCT server connection channel  
14:58:14 INFO  : Checking for hwspec changes in the project mult_wrapper_hw_platform_2.
14:58:14 INFO  : Successfully done setting SDK workspace  
